2021-03-28 === [main] === INFO  === com.springbootlearn.SpringBootLearnApplicationTests ==== Starting SpringBootLearnApplicationTests using Java 1.8.0_181 on LAPTOP-CPNGIMNI with PID 24972 (started by FallingStars in D:\GitHub\Java\SpringBootLearn)
2021-03-28 === [main] === DEBUG === com.springbootlearn.SpringBootLearnApplicationTests ==== Running with Spring Boot v2.4.4, Spring v5.3.5
2021-03-28 === [main] === INFO  === com.springbootlearn.SpringBootLearnApplicationTests ==== The following profiles are active: dev2
2021-03-28 === [main] === WARN  === org.springframework.boot.context.config.ConfigDataEnvironment ==== Property 'spring.profiles' imported from location 'class path resource [application.yml]' is invalid and should be replaced with 'spring.config.activate.on-profile' [origin: class path resource [application.yml] - 51:13]
2021-03-28 === [main] === WARN  === org.springframework.boot.context.config.ConfigDataEnvironment ==== Property 'spring.profiles' imported from location 'class path resource [application.yml]' is invalid and should be replaced with 'spring.config.activate.on-profile' [origin: class path resource [application.yml] - 45:13]
2021-03-28 === [main] === INFO  === org.springframework.scheduling.concurrent.ThreadPoolTaskExecutor ==== Initializing ExecutorService 'applicationTaskExecutor'
2021-03-28 === [main] === INFO  === com.springbootlearn.SpringBootLearnApplicationTests ==== Started SpringBootLearnApplicationTests in 2.447 seconds (JVM running for 3.792)
2021-03-28 === [main] === TRACE === com.springbootlearn.SpringBootLearnApplicationTests ==== 这是trace日志...
2021-03-28 === [main] === DEBUG === com.springbootlearn.SpringBootLearnApplicationTests ==== 这是debug日志...
2021-03-28 === [main] === INFO  === com.springbootlearn.SpringBootLearnApplicationTests ==== 这是info日志...
2021-03-28 === [main] === WARN  === com.springbootlearn.SpringBootLearnApplicationTests ==== 这是warn日志...
2021-03-28 === [main] === ERROR === com.springbootlearn.SpringBootLearnApplicationTests ==== 这是error日志...
2021-03-28 === [SpringContextShutdownHook] === INFO  === org.springframework.scheduling.concurrent.ThreadPoolTaskExecutor ==== Shutting down ExecutorService 'applicationTaskExecutor'
2021-03-28 === [main] === INFO  === com.springbootlearn.SpringBootLearnApplicationTests ==== Starting SpringBootLearnApplicationTests using Java 1.8.0_181 on LAPTOP-CPNGIMNI with PID 10804 (started by FallingStars in D:\GitHub\Java\SpringBootLearn)
2021-03-28 === [main] === DEBUG === com.springbootlearn.SpringBootLearnApplicationTests ==== Running with Spring Boot v2.4.4, Spring v5.3.5
2021-03-28 === [main] === INFO  === com.springbootlearn.SpringBootLearnApplicationTests ==== The following profiles are active: dev2
2021-03-28 === [main] === WARN  === org.springframework.boot.context.config.ConfigDataEnvironment ==== Property 'spring.profiles' imported from location 'class path resource [application.yml]' is invalid and should be replaced with 'spring.config.activate.on-profile' [origin: class path resource [application.yml] - 51:13]
2021-03-28 === [main] === WARN  === org.springframework.boot.context.config.ConfigDataEnvironment ==== Property 'spring.profiles' imported from location 'class path resource [application.yml]' is invalid and should be replaced with 'spring.config.activate.on-profile' [origin: class path resource [application.yml] - 45:13]
2021-03-28 === [main] === INFO  === org.springframework.scheduling.concurrent.ThreadPoolTaskExecutor ==== Initializing ExecutorService 'applicationTaskExecutor'
2021-03-28 === [main] === INFO  === com.springbootlearn.SpringBootLearnApplicationTests ==== Started SpringBootLearnApplicationTests in 2.446 seconds (JVM running for 3.732)
2021-03-28 === [main] === TRACE === com.springbootlearn.SpringBootLearnApplicationTests ==== 这是trace日志...
2021-03-28 === [main] === DEBUG === com.springbootlearn.SpringBootLearnApplicationTests ==== 这是debug日志...
2021-03-28 === [main] === INFO  === com.springbootlearn.SpringBootLearnApplicationTests ==== 这是info日志...
2021-03-28 === [main] === WARN  === com.springbootlearn.SpringBootLearnApplicationTests ==== 这是warn日志...
2021-03-28 === [main] === ERROR === com.springbootlearn.SpringBootLearnApplicationTests ==== 这是error日志...
2021-03-28 === [SpringContextShutdownHook] === INFO  === org.springframework.scheduling.concurrent.ThreadPoolTaskExecutor ==== Shutting down ExecutorService 'applicationTaskExecutor'
